komputasi03
m442576
rm -rf functions assignment
mpifort -g -ffpe-trap=zero,invalid,overflow,underflow -Wall -Werror functions.f90 assignment.f90 -o assignment
 x minimum iterasi ke-           1 adalah   1.0669817014169967      dengan f(x)= -0.29562516474462258      dari process          14
 x minimum iterasi ke-           2 adalah  0.90490853446103392      dengan f(x)= -0.52324572174377293      dari process           6
 x minimum iterasi ke-           3 adalah   1.0610286844356152      dengan f(x)= -0.22615273261247584      dari process           7
 x minimum iterasi ke-           4 adalah   1.2679568194549962      dengan f(x)= -0.31957479679291051      dari process           2
 x minimum iterasi ke-           5 adalah  0.36175754413853733      dengan f(x)= -0.59792665322888849      dari process          19
 x minimum iterasi ke-           6 adalah  0.36175754413853733      dengan f(x)=  -1.1229837546485921      dari process          19
 x minimum iterasi ke-           7 adalah  0.34164503005390928      dengan f(x)=  -1.1590720758647712      dari process          13
 x minimum iterasi ke-           8 adalah  0.34164503005390928      dengan f(x)=  -1.2255190493215162      dari process          13
 x minimum iterasi ke-           9 adalah  0.34164503005390928      dengan f(x)=  -1.2255190493215162      dari process          13
 x minimum iterasi ke-          10 adalah  0.34164503005390928      dengan f(x)=  -1.2255190493215162      dari process          13
 x minimum iterasi ke-          11 adalah  0.34164503005390928      dengan f(x)=  -1.2255190493215162      dari process          13
 x minimum iterasi ke-          12 adalah  0.16535540675684984      dengan f(x)=  -1.6250599068999958      dari process          10
 x minimum iterasi ke-          13 adalah  0.16535540675684984      dengan f(x)=  -2.1934256877058829      dari process          10
 x minimum iterasi ke-          14 adalah  0.16535540675684984      dengan f(x)=  -2.1934256877058829      dari process          10
 x minimum iterasi ke-          15 adalah  0.16535540675684984      dengan f(x)=  -2.1934256877058829      dari process          10
 x minimum iterasi ke-          16 adalah  0.16535540675684984      dengan f(x)=  -2.1934256877058829      dari process          10
 x minimum iterasi ke-          17 adalah  0.16535540675684984      dengan f(x)=  -2.1934256877058829      dari process          10
 x minimum iterasi ke-          18 adalah  0.16535540675684984      dengan f(x)=  -2.1934256877058829      dari process          10
 x minimum iterasi ke-          19 adalah  0.16535540675684984      dengan f(x)=  -2.1934256877058829      dari process          10
 x minimum iterasi ke-          20 adalah  0.16535540675684984      dengan f(x)=  -2.1934256877058829      dari process          10
  -2.1934256877058829      nilai akhir terkecil dari process rank          10 dengan nilai x=  0.16535540675684984     
