komputasi03
m442576
rm -rf functions exercise
mpifort -g -ffpe-trap=zero,invalid,overflow,underflow -Wall -Werror functions.f90 exercise.f90 -o exercise
 rank            0 memiliki nilai x=   2.1908947545686823      f(x)=   1.7022806787207831     
 rank            1 memiliki nilai x=  0.85016302283659639      f(x)=  0.42557998928462126     
 rank            2 memiliki nilai x=   2.4759217366038033      f(x)=   5.5948456169331306     
 rank            3 memiliki nilai x=   1.3802403434575696      f(x)= -0.38051112362858952     
 rank            4 memiliki nilai x= -0.12602928730684493      f(x)=   1.5617014352568230     
 rank            5 memiliki nilai x= -0.24920200633342904      f(x)=   2.5597397418337646     
 rank            6 memiliki nilai x=   2.1474778491246420      f(x)=  0.66334308623423444     
 rank            7 memiliki nilai x=  0.60684670811809460      f(x)=   8.8654688597386608E-002
 rank            8 memiliki nilai x=   2.1492086737956875      f(x)=  0.66992489947195377     
 rank            9 memiliki nilai x=  0.85804062684019566      f(x)=  0.41581145925033536     
 rank           10 memiliki nilai x=   1.4467637268378755      f(x)=  0.75948561465179110     
 rank           11 memiliki nilai x=  0.28661345392808457      f(x)=  0.31750681041538814     
 rank           12 memiliki nilai x=  0.64598252943923296      f(x)=  0.33612931560322745     
 rank           13 memiliki nilai x=  0.49840469299762413      f(x)=   7.5785786277533199E-002
 rank           14 memiliki nilai x=   2.4470193176958861      f(x)=   5.6024195770534657     
 rank           15 memiliki nilai x= -0.25779834267432034      f(x)=   2.6279534521021546     
 rank           16 memiliki nilai x=   1.1477830052597038      f(x)= -0.57202312087103879     
 rank           17 memiliki nilai x=   1.3967764730604464      f(x)=  -4.5820309644527574E-002
 rank           18 memiliki nilai x=   1.5352917745559527      f(x)= -0.60503961491497515     
 rank           19 memiliki nilai x=  0.43025160987735622      f(x)=  0.28040824607011000     
 -0.60503961491497515      merupakan nilai terkecil dari process rank          18 dengan nilai x=   1.5352917745559527     
